Copyright 1986-2015 Xilinx, Inc. All Rights Reserved.
------------------------------------------------------------------------------------
| Tool Version : Vivado v.2015.2 (win64) Build 1266856 Fri Jun 26 16:35:25 MDT 2015
| Date         : Wed Apr 03 19:46:13 2024
| Host         : DiepPC running 64-bit major release  (build 9200)
| Command      : report_control_sets -verbose -file top_com_control_sets_placed.rpt
| Design       : top_com
| Device       : xc7a35t
------------------------------------------------------------------------------------

Control Set Information

Table of Contents
-----------------
1. Summary
2. Flip-Flop Distribution
3. Detailed Control Set Information

1. Summary
----------

+-------------------------------------------------------------------+-------+
|                               Status                              | Count |
+-------------------------------------------------------------------+-------+
| Number of unique control sets                                     |   181 |
| Minimum Number of register sites lost to control set restrictions |   130 |
+-------------------------------------------------------------------+-------+


2. Flip-Flop Distribution
-------------------------

+--------------+-----------------------+------------------------+-----------------+--------------+
| Clock Enable | Synchronous Set/Reset | Asynchronous Set/Reset | Total Registers | Total Slices |
+--------------+-----------------------+------------------------+-----------------+--------------+
| No           | No                    | No                     |              24 |           15 |
| No           | No                    | Yes                    |              34 |           14 |
| No           | Yes                   | No                     |              86 |           26 |
| Yes          | No                    | No                     |              90 |           29 |
| Yes          | No                    | Yes                    |            1240 |          544 |
| Yes          | Yes                   | No                     |              36 |           10 |
+--------------+-----------------------+------------------------+-----------------+--------------+


3. Detailed Control Set Information
-----------------------------------

+-------------------------------------------+---------------------------------------------------+---------------------------------------------+------------------+----------------+
|                Clock Signal               |                   Enable Signal                   |               Set/Reset Signal              | Slice Load Count | Bel Load Count |
+-------------------------------------------+---------------------------------------------------+---------------------------------------------+------------------+----------------+
| ~button_IBUF_BUFG[3]                      |                                                   |                                             |                1 |              1 |
|  ckht_IBUF_BUFG                           |                                                   | debounce_btn1_inst/rst                      |                2 |              2 |
|  top_decoder_inst/delay_inst_trig_enc/CLK |                                                   |                                             |                2 |              4 |
|  trig_data_0                              | top_decoder_inst/pin_state[3][3]_i_1_n_0          | debounce_btn1_inst/rst                      |                3 |              4 |
|  trig_data_0                              | top_decoder_inst/pin_state[5][3]_i_1_n_0          | debounce_btn1_inst/rst                      |                2 |              4 |
|  trig_data_0                              | top_decoder_inst/pin_state[2][3]_i_1_n_0          | debounce_btn1_inst/rst                      |                4 |              4 |
|  trig_data_0                              | top_decoder_inst/pin_state[8][3]_i_1_n_0          | debounce_btn1_inst/rst                      |                3 |              4 |
|  ckht_IBUF_BUFG                           | debounce_btn1_inst/E[0]                           | debounce_btn1_inst/cnt_byte_reg[0][0]       |                2 |              4 |
|  trig_data_0                              | top_decoder_inst/pin_state[1][3]_i_1_n_0          | debounce_btn1_inst/rst                      |                2 |              4 |
| ~ckht_IBUF_BUFG                           |                                                   | top_decoder_inst/delay_inst_trig_enc/CLK    |                1 |              4 |
|  trig_data_0                              | top_decoder_inst/pin_state[4][3]_i_1_n_0          | debounce_btn1_inst/rst                      |                3 |              4 |
|  trig_data_0                              | top_decoder_inst/E[0]                             | debounce_btn1_inst/rst                      |                3 |              4 |
|  trig_data_0                              | top_decoder_inst/pin_state[0][3]_i_1_n_0          | debounce_btn1_inst/rst                      |                2 |              4 |
| ~ckht_IBUF_BUFG                           |                                                   | trig_data_0                                 |                1 |              4 |
|  trig_data                                |                                                   | debounce_btn1_inst/rst                      |                1 |              4 |
| ~ckht_IBUF_BUFG                           | sampling_frequency_inst/q_r[3]_i_1_n_0            |                                             |                1 |              4 |
| ~ckht_IBUF_BUFG                           | uart_controller_inst/U1/s_r[3]_i_1_n_0            | debounce_btn1_inst/rst                      |                2 |              4 |
| ~ckht_IBUF_BUFG                           | uart_controller_inst/U3/s_r[3]_i_1__0_n_0         | debounce_btn1_inst/rst                      |                2 |              4 |
|  trig_data_0                              | top_decoder_inst/pin_state[6][3]_i_1_n_0          | debounce_btn1_inst/rst                      |                4 |              4 |
|  trig_data_0                              | top_decoder_inst/pin_state[7][3]_i_1_n_0          | debounce_btn1_inst/rst                      |                4 |              4 |
|  trig_pin                                 |                                                   | debounce_btn1_inst/rst                      |                1 |              4 |
| ~ckht_IBUF_BUFG                           |                                                   |                                             |                3 |              5 |
| ~ckht_IBUF_BUFG                           | encoder_inst/E[0]                                 | debounce_btn1_inst/rst                      |                2 |              6 |
|  ckht_IBUF_BUFG                           |                                                   |                                             |                6 |              6 |
| ~ckht_IBUF_BUFG                           | uart_controller_inst/U4/rd_ptr_r[5]_i_1_n_0       | debounce_btn1_inst/rst                      |                3 |              6 |
| ~ckht_IBUF_BUFG                           | uart_controller_inst/U1/rd_ptr_r_reg[5]_1[0]      | debounce_btn1_inst/rst                      |                1 |              6 |
| ~ckht_IBUF_BUFG                           | uart_controller_inst/U1/E[0]                      | debounce_btn1_inst/rst                      |                3 |              6 |
| ~ckht_IBUF_BUFG                           | uart_controller_inst/U1/b_r[7]_i_1_n_0            | debounce_btn1_inst/rst                      |                3 |              8 |
| ~ckht_IBUF_BUFG                           | uart_controller_inst/U3/b_r[7]_i_1__0_n_0         | debounce_btn1_inst/rst                      |                2 |              8 |
| ~ckht_IBUF_BUFG                           | uart_controller_inst/U2/array_r[32][7]_i_1_n_0    | debounce_btn1_inst/rst                      |                4 |              8 |
| ~ckht_IBUF_BUFG                           | uart_controller_inst/U2/array_r[2][7]_i_1_n_0     | debounce_btn1_inst/rst                      |                6 |              8 |
| ~ckht_IBUF_BUFG                           | uart_controller_inst/U2/array_r[42][7]_i_1_n_0    | debounce_btn1_inst/rst                      |                3 |              8 |
| ~ckht_IBUF_BUFG                           | uart_controller_inst/U2/array_r[3][7]_i_1_n_0     | debounce_btn1_inst/rst                      |                2 |              8 |
| ~ckht_IBUF_BUFG                           | uart_controller_inst/U2/array_r[39][7]_i_1__0_n_0 | debounce_btn1_inst/rst                      |                5 |              8 |
| ~ckht_IBUF_BUFG                           | uart_controller_inst/U2/array_r[51][7]_i_1_n_0    | debounce_btn1_inst/rst                      |                5 |              8 |
| ~ckht_IBUF_BUFG                           | uart_controller_inst/U2/array_r[50][7]_i_1_n_0    | debounce_btn1_inst/rst                      |                5 |              8 |
| ~ckht_IBUF_BUFG                           | uart_controller_inst/U2/array_r[44][7]_i_1_n_0    | debounce_btn1_inst/rst                      |                3 |              8 |
| ~ckht_IBUF_BUFG                           | uart_controller_inst/U2/array_r[36][7]_i_1_n_0    | debounce_btn1_inst/rst                      |                3 |              8 |
| ~ckht_IBUF_BUFG                           | uart_controller_inst/U2/array_r[35][7]_i_1__0_n_0 | debounce_btn1_inst/rst                      |                4 |              8 |
| ~ckht_IBUF_BUFG                           | uart_controller_inst/U2/array_r[13][7]_i_1_n_0    | debounce_btn1_inst/rst                      |                2 |              8 |
| ~ckht_IBUF_BUFG                           | uart_controller_inst/U2/array_r[45][7]_i_1_n_0    | debounce_btn1_inst/rst                      |                4 |              8 |
| ~ckht_IBUF_BUFG                           | uart_controller_inst/U2/array_r[29][7]_i_1_n_0    | debounce_btn1_inst/rst                      |                3 |              8 |
| ~ckht_IBUF_BUFG                           | uart_controller_inst/U2/array_r[12][7]_i_1_n_0    | debounce_btn1_inst/rst                      |                3 |              8 |
| ~ckht_IBUF_BUFG                           | uart_controller_inst/U2/array_r[25][7]_i_1__0_n_0 | debounce_btn1_inst/rst                      |                4 |              8 |
| ~ckht_IBUF_BUFG                           | uart_controller_inst/U2/array_r[24][7]_i_1_n_0    | debounce_btn1_inst/rst                      |                3 |              8 |
| ~ckht_IBUF_BUFG                           | uart_controller_inst/U2/array_r[23][7]_i_1_n_0    | debounce_btn1_inst/rst                      |                4 |              8 |
| ~ckht_IBUF_BUFG                           | uart_controller_inst/U2/array_r[22][7]_i_1_n_0    | debounce_btn1_inst/rst                      |                3 |              8 |
| ~ckht_IBUF_BUFG                           | uart_controller_inst/U2/array_r[21][7]_i_1_n_0    | debounce_btn1_inst/rst                      |                4 |              8 |
| ~ckht_IBUF_BUFG                           | uart_controller_inst/U2/array_r[20][7]_i_1_n_0    | debounce_btn1_inst/rst                      |                4 |              8 |
| ~ckht_IBUF_BUFG                           | uart_controller_inst/U2/array_r[1][7]_i_1_n_0     | debounce_btn1_inst/rst                      |                3 |              8 |
| ~ckht_IBUF_BUFG                           | uart_controller_inst/U2/array_r[19][7]_i_1_n_0    | debounce_btn1_inst/rst                      |                5 |              8 |
| ~ckht_IBUF_BUFG                           | uart_controller_inst/U2/array_r[18][7]_i_1_n_0    | debounce_btn1_inst/rst                      |                4 |              8 |
| ~ckht_IBUF_BUFG                           | uart_controller_inst/U2/array_r[17][7]_i_1_n_0    | debounce_btn1_inst/rst                      |                6 |              8 |
| ~ckht_IBUF_BUFG                           | uart_controller_inst/U2/array_r[16][7]_i_1_n_0    | debounce_btn1_inst/rst                      |                7 |              8 |
| ~ckht_IBUF_BUFG                           | uart_controller_inst/U2/array_r[43][7]_i_1_n_0    | debounce_btn1_inst/rst                      |                3 |              8 |
| ~ckht_IBUF_BUFG                           | uart_controller_inst/U2/array_r[28][7]_i_1_n_0    | debounce_btn1_inst/rst                      |                4 |              8 |
| ~ckht_IBUF_BUFG                           | uart_controller_inst/U2/array_r[14][7]_i_1_n_0    | debounce_btn1_inst/rst                      |                2 |              8 |
| ~ckht_IBUF_BUFG                           | uart_controller_inst/U2/array_r[30][7]_i_1_n_0    | debounce_btn1_inst/rst                      |                4 |              8 |
| ~ckht_IBUF_BUFG                           | uart_controller_inst/U2/array_r[47][7]_i_1_n_0    | debounce_btn1_inst/rst                      |                2 |              8 |
| ~ckht_IBUF_BUFG                           | uart_controller_inst/U2/array_r[46][7]_i_1_n_0    | debounce_btn1_inst/rst                      |                3 |              8 |
| ~ckht_IBUF_BUFG                           | uart_controller_inst/U2/array_r[41][7]_i_1_n_0    | debounce_btn1_inst/rst                      |                3 |              8 |
| ~ckht_IBUF_BUFG                           | uart_controller_inst/U2/array_r[40][7]_i_1_n_0    | debounce_btn1_inst/rst                      |                3 |              8 |
| ~ckht_IBUF_BUFG                           | uart_controller_inst/U2/array_r[33][7]_i_1_n_0    | debounce_btn1_inst/rst                      |                4 |              8 |
| ~ckht_IBUF_BUFG                           | uart_controller_inst/U2/array_r[27][7]_i_1_n_0    | debounce_btn1_inst/rst                      |                2 |              8 |
| ~ckht_IBUF_BUFG                           | uart_controller_inst/U2/array_r[37][7]_i_1_n_0    | debounce_btn1_inst/rst                      |                3 |              8 |
| ~ckht_IBUF_BUFG                           | uart_controller_inst/U2/array_r[4][7]_i_1_n_0     | debounce_btn1_inst/rst                      |                2 |              8 |
| ~ckht_IBUF_BUFG                           | uart_controller_inst/U2/array_r[34][7]_i_1_n_0    | debounce_btn1_inst/rst                      |                4 |              8 |
| ~ckht_IBUF_BUFG                           | uart_controller_inst/U2/array_r[31][7]_i_1_n_0    | debounce_btn1_inst/rst                      |                3 |              8 |
| ~ckht_IBUF_BUFG                           | uart_controller_inst/U2/array_r[49][7]_i_1_n_0    | debounce_btn1_inst/rst                      |                4 |              8 |
| ~ckht_IBUF_BUFG                           | uart_controller_inst/U2/array_r[26][7]_i_1_n_0    | debounce_btn1_inst/rst                      |                4 |              8 |
| ~ckht_IBUF_BUFG                           | uart_controller_inst/U2/array_r[48][7]_i_1_n_0    | debounce_btn1_inst/rst                      |                7 |              8 |
| ~ckht_IBUF_BUFG                           | uart_controller_inst/U2/array_r[15][7]_i_1_n_0    | debounce_btn1_inst/rst                      |                5 |              8 |
| ~ckht_IBUF_BUFG                           | uart_controller_inst/U2/array_r[38][7]_i_1_n_0    | debounce_btn1_inst/rst                      |                3 |              8 |
| ~ckht_IBUF_BUFG                           | uart_controller_inst/U2/array_r[9][7]_i_1_n_0     | debounce_btn1_inst/rst                      |                3 |              8 |
| ~ckht_IBUF_BUFG                           | uart_controller_inst/U2/array_r[8][7]_i_1_n_0     | debounce_btn1_inst/rst                      |                3 |              8 |
| ~ckht_IBUF_BUFG                           | uart_controller_inst/U2/array_r[7][7]_i_1_n_0     | debounce_btn1_inst/rst                      |                2 |              8 |
| ~ckht_IBUF_BUFG                           | uart_controller_inst/U2/array_r[6][7]_i_1_n_0     | debounce_btn1_inst/rst                      |                2 |              8 |
| ~ckht_IBUF_BUFG                           | uart_controller_inst/U2/array_r[63][7]_i_1__0_n_0 | debounce_btn1_inst/rst                      |                4 |              8 |
| ~ckht_IBUF_BUFG                           | uart_controller_inst/U2/array_r[62][7]_i_1_n_0    | debounce_btn1_inst/rst                      |                5 |              8 |
| ~ckht_IBUF_BUFG                           | uart_controller_inst/U2/array_r[61][7]_i_1_n_0    | debounce_btn1_inst/rst                      |                6 |              8 |
| ~ckht_IBUF_BUFG                           | uart_controller_inst/U2/array_r[60][7]_i_1_n_0    | debounce_btn1_inst/rst                      |                3 |              8 |
| ~ckht_IBUF_BUFG                           | uart_controller_inst/U2/array_r[5][7]_i_1_n_0     | debounce_btn1_inst/rst                      |                3 |              8 |
| ~ckht_IBUF_BUFG                           | uart_controller_inst/U2/array_r[59][7]_i_1_n_0    | debounce_btn1_inst/rst                      |                4 |              8 |
| ~ckht_IBUF_BUFG                           | uart_controller_inst/U2/array_r[58][7]_i_1_n_0    | debounce_btn1_inst/rst                      |                3 |              8 |
| ~ckht_IBUF_BUFG                           | uart_controller_inst/U2/array_r[57][7]_i_1_n_0    | debounce_btn1_inst/rst                      |                6 |              8 |
| ~ckht_IBUF_BUFG                           | uart_controller_inst/U2/array_r[56][7]_i_1__0_n_0 | debounce_btn1_inst/rst                      |                6 |              8 |
| ~ckht_IBUF_BUFG                           | uart_controller_inst/U2/array_r[55][7]_i_1_n_0    | debounce_btn1_inst/rst                      |                4 |              8 |
| ~ckht_IBUF_BUFG                           | uart_controller_inst/U2/array_r[54][7]_i_1_n_0    | debounce_btn1_inst/rst                      |                3 |              8 |
| ~ckht_IBUF_BUFG                           | uart_controller_inst/U2/array_r[53][7]_i_1_n_0    | debounce_btn1_inst/rst                      |                4 |              8 |
| ~ckht_IBUF_BUFG                           | uart_controller_inst/U2/array_r[52][7]_i_1_n_0    | debounce_btn1_inst/rst                      |                5 |              8 |
| ~ckht_IBUF_BUFG                           | uart_controller_inst/U2/array_r[10][7]_i_1_n_0    | debounce_btn1_inst/rst                      |                2 |              8 |
| ~ckht_IBUF_BUFG                           | uart_controller_inst/U2/array_r[11][7]_i_1_n_0    | debounce_btn1_inst/rst                      |                4 |              8 |
| ~ckht_IBUF_BUFG                           | uart_controller_inst/U2/array_r[0][7]_i_1_n_0     | debounce_btn1_inst/rst                      |                3 |              8 |
| ~ckht_IBUF_BUFG                           | uart_controller_inst/U4/array_r[0][7]_i_1__0_n_0  | debounce_btn1_inst/rst                      |                4 |              8 |
| ~ckht_IBUF_BUFG                           | uart_controller_inst/U4/array_r[10][7]_i_1__0_n_0 | debounce_btn1_inst/rst                      |                3 |              8 |
| ~ckht_IBUF_BUFG                           | uart_controller_inst/U4/array_r[11][7]_i_1__0_n_0 | debounce_btn1_inst/rst                      |                2 |              8 |
| ~ckht_IBUF_BUFG                           | uart_controller_inst/U4/array_r[12][7]_i_1__0_n_0 | debounce_btn1_inst/rst                      |                3 |              8 |
| ~ckht_IBUF_BUFG                           | uart_controller_inst/U4/array_r[13][7]_i_1__0_n_0 | debounce_btn1_inst/rst                      |                3 |              8 |
| ~ckht_IBUF_BUFG                           | uart_controller_inst/U4/array_r[14][7]_i_1__0_n_0 | debounce_btn1_inst/rst                      |                3 |              8 |
| ~ckht_IBUF_BUFG                           | uart_controller_inst/U4/array_r[15][7]_i_1__0_n_0 | debounce_btn1_inst/rst                      |                3 |              8 |
| ~ckht_IBUF_BUFG                           | uart_controller_inst/U4/array_r[16][7]_i_1__0_n_0 | debounce_btn1_inst/rst                      |                5 |              8 |
| ~ckht_IBUF_BUFG                           | uart_controller_inst/U4/array_r[17][7]_i_1__0_n_0 | debounce_btn1_inst/rst                      |                4 |              8 |
| ~ckht_IBUF_BUFG                           | uart_controller_inst/U4/array_r[18][7]_i_1__0_n_0 | debounce_btn1_inst/rst                      |                2 |              8 |
| ~ckht_IBUF_BUFG                           | uart_controller_inst/U4/array_r[19][7]_i_1__0_n_0 | debounce_btn1_inst/rst                      |                4 |              8 |
| ~ckht_IBUF_BUFG                           | uart_controller_inst/U4/array_r[1][7]_i_1__0_n_0  | debounce_btn1_inst/rst                      |                2 |              8 |
| ~ckht_IBUF_BUFG                           | uart_controller_inst/U4/array_r[20][7]_i_1__0_n_0 | debounce_btn1_inst/rst                      |                5 |              8 |
| ~ckht_IBUF_BUFG                           | uart_controller_inst/U4/array_r[21][7]_i_1__0_n_0 | debounce_btn1_inst/rst                      |                3 |              8 |
| ~ckht_IBUF_BUFG                           | uart_controller_inst/U4/array_r[22][7]_i_1__0_n_0 | debounce_btn1_inst/rst                      |                3 |              8 |
| ~ckht_IBUF_BUFG                           | uart_controller_inst/U4/array_r[23][7]_i_1__0_n_0 | debounce_btn1_inst/rst                      |                3 |              8 |
| ~ckht_IBUF_BUFG                           | uart_controller_inst/U4/array_r[24][7]_i_1__0_n_0 | debounce_btn1_inst/rst                      |                3 |              8 |
| ~ckht_IBUF_BUFG                           | uart_controller_inst/U4/array_r[25][7]_i_1_n_0    | debounce_btn1_inst/rst                      |                3 |              8 |
| ~ckht_IBUF_BUFG                           | uart_controller_inst/U4/array_r[26][7]_i_1__0_n_0 | debounce_btn1_inst/rst                      |                3 |              8 |
| ~ckht_IBUF_BUFG                           | uart_controller_inst/U4/array_r[27][7]_i_1__0_n_0 | debounce_btn1_inst/rst                      |                3 |              8 |
| ~ckht_IBUF_BUFG                           | uart_controller_inst/U4/array_r[28][7]_i_1__0_n_0 | debounce_btn1_inst/rst                      |                3 |              8 |
| ~ckht_IBUF_BUFG                           | uart_controller_inst/U4/array_r[29][7]_i_1__0_n_0 | debounce_btn1_inst/rst                      |                3 |              8 |
| ~ckht_IBUF_BUFG                           | uart_controller_inst/U4/array_r[2][7]_i_1__0_n_0  | debounce_btn1_inst/rst                      |                2 |              8 |
| ~ckht_IBUF_BUFG                           | uart_controller_inst/U4/array_r[30][7]_i_1__0_n_0 | debounce_btn1_inst/rst                      |                3 |              8 |
| ~ckht_IBUF_BUFG                           | uart_controller_inst/U4/array_r[31][7]_i_1__0_n_0 | debounce_btn1_inst/rst                      |                4 |              8 |
| ~ckht_IBUF_BUFG                           | uart_controller_inst/U4/array_r[32][7]_i_1__0_n_0 | debounce_btn1_inst/rst                      |                4 |              8 |
| ~ckht_IBUF_BUFG                           | uart_controller_inst/U4/array_r[33][7]_i_1__0_n_0 | debounce_btn1_inst/rst                      |                3 |              8 |
| ~ckht_IBUF_BUFG                           | uart_controller_inst/U4/array_r[34][7]_i_1__0_n_0 | debounce_btn1_inst/rst                      |                5 |              8 |
| ~ckht_IBUF_BUFG                           | uart_controller_inst/U4/array_r[35][7]_i_1_n_0    | debounce_btn1_inst/rst                      |                3 |              8 |
| ~ckht_IBUF_BUFG                           | uart_controller_inst/U4/array_r[36][7]_i_1__0_n_0 | debounce_btn1_inst/rst                      |                3 |              8 |
| ~ckht_IBUF_BUFG                           | uart_controller_inst/U4/array_r[37][7]_i_1__0_n_0 | debounce_btn1_inst/rst                      |                3 |              8 |
| ~ckht_IBUF_BUFG                           | uart_controller_inst/U4/array_r[38][7]_i_1__0_n_0 | debounce_btn1_inst/rst                      |                2 |              8 |
| ~ckht_IBUF_BUFG                           | uart_controller_inst/U4/array_r[39][7]_i_1_n_0    | debounce_btn1_inst/rst                      |                3 |              8 |
| ~ckht_IBUF_BUFG                           | uart_controller_inst/U4/array_r[3][7]_i_1__0_n_0  | debounce_btn1_inst/rst                      |                2 |              8 |
| ~ckht_IBUF_BUFG                           | uart_controller_inst/U4/array_r[40][7]_i_1__0_n_0 | debounce_btn1_inst/rst                      |                6 |              8 |
| ~ckht_IBUF_BUFG                           | uart_controller_inst/U4/array_r[41][7]_i_1__0_n_0 | debounce_btn1_inst/rst                      |                3 |              8 |
| ~ckht_IBUF_BUFG                           | uart_controller_inst/U4/array_r[42][7]_i_1__0_n_0 | debounce_btn1_inst/rst                      |                4 |              8 |
| ~ckht_IBUF_BUFG                           | uart_controller_inst/U4/array_r[43][7]_i_1__0_n_0 | debounce_btn1_inst/rst                      |                2 |              8 |
| ~ckht_IBUF_BUFG                           | uart_controller_inst/U4/array_r[44][7]_i_1__0_n_0 | debounce_btn1_inst/rst                      |                2 |              8 |
| ~ckht_IBUF_BUFG                           | uart_controller_inst/U4/array_r[45][7]_i_1__0_n_0 | debounce_btn1_inst/rst                      |                3 |              8 |
| ~ckht_IBUF_BUFG                           | uart_controller_inst/U4/array_r[46][7]_i_1__0_n_0 | debounce_btn1_inst/rst                      |                3 |              8 |
| ~ckht_IBUF_BUFG                           | uart_controller_inst/U4/array_r[47][7]_i_1__0_n_0 | debounce_btn1_inst/rst                      |                3 |              8 |
| ~ckht_IBUF_BUFG                           | uart_controller_inst/U4/array_r[48][7]_i_1__0_n_0 | debounce_btn1_inst/rst                      |                4 |              8 |
| ~ckht_IBUF_BUFG                           | uart_controller_inst/U4/array_r[4][7]_i_1__0_n_0  | debounce_btn1_inst/rst                      |                3 |              8 |
| ~ckht_IBUF_BUFG                           | uart_controller_inst/U4/array_r[50][7]_i_1__0_n_0 | debounce_btn1_inst/rst                      |                3 |              8 |
| ~ckht_IBUF_BUFG                           | uart_controller_inst/U4/array_r[51][7]_i_1__0_n_0 | debounce_btn1_inst/rst                      |                6 |              8 |
| ~ckht_IBUF_BUFG                           | uart_controller_inst/U4/array_r[52][7]_i_1__0_n_0 | debounce_btn1_inst/rst                      |                3 |              8 |
| ~ckht_IBUF_BUFG                           | uart_controller_inst/U4/array_r[53][7]_i_1__0_n_0 | debounce_btn1_inst/rst                      |                4 |              8 |
| ~ckht_IBUF_BUFG                           | uart_controller_inst/U4/array_r[54][7]_i_1__0_n_0 | debounce_btn1_inst/rst                      |                4 |              8 |
| ~ckht_IBUF_BUFG                           | uart_controller_inst/U4/array_r[55][7]_i_1__0_n_0 | debounce_btn1_inst/rst                      |                3 |              8 |
| ~ckht_IBUF_BUFG                           | uart_controller_inst/U4/array_r[56][7]_i_1_n_0    | debounce_btn1_inst/rst                      |                6 |              8 |
| ~ckht_IBUF_BUFG                           | uart_controller_inst/U4/array_r[57][7]_i_1__0_n_0 | debounce_btn1_inst/rst                      |                5 |              8 |
| ~ckht_IBUF_BUFG                           | uart_controller_inst/U4/array_r[58][7]_i_1__0_n_0 | debounce_btn1_inst/rst                      |                4 |              8 |
| ~ckht_IBUF_BUFG                           | uart_controller_inst/U4/array_r[59][7]_i_1__0_n_0 | debounce_btn1_inst/rst                      |                6 |              8 |
| ~ckht_IBUF_BUFG                           | uart_controller_inst/U4/array_r[5][7]_i_1__0_n_0  | debounce_btn1_inst/rst                      |                2 |              8 |
| ~ckht_IBUF_BUFG                           | uart_controller_inst/U4/array_r[60][7]_i_1__0_n_0 | debounce_btn1_inst/rst                      |                6 |              8 |
| ~ckht_IBUF_BUFG                           | uart_controller_inst/U4/array_r[61][7]_i_1__0_n_0 | debounce_btn1_inst/rst                      |                3 |              8 |
| ~ckht_IBUF_BUFG                           | uart_controller_inst/U4/array_r[62][7]_i_1__0_n_0 | debounce_btn1_inst/rst                      |                4 |              8 |
| ~ckht_IBUF_BUFG                           | uart_controller_inst/U4/array_r[63][7]_i_1_n_0    | debounce_btn1_inst/rst                      |                4 |              8 |
| ~ckht_IBUF_BUFG                           | uart_controller_inst/U4/array_r[6][7]_i_1__0_n_0  | debounce_btn1_inst/rst                      |                3 |              8 |
| ~ckht_IBUF_BUFG                           | uart_controller_inst/U4/array_r[7][7]_i_1__0_n_0  | debounce_btn1_inst/rst                      |                2 |              8 |
| ~ckht_IBUF_BUFG                           | uart_controller_inst/U4/array_r[8][7]_i_1__0_n_0  | debounce_btn1_inst/rst                      |                2 |              8 |
| ~ckht_IBUF_BUFG                           | uart_controller_inst/U4/array_r[9][7]_i_1__0_n_0  | debounce_btn1_inst/rst                      |                3 |              8 |
| ~ckht_IBUF_BUFG                           | uart_controller_inst/U4/array_r[49][7]_i_1__0_n_0 | debounce_btn1_inst/rst                      |                5 |              8 |
|  trig_data                                | checking_inst/data_buf[9][7]_i_1_n_0              | debounce_btn1_inst/rst                      |                1 |              8 |
|  trig_data                                | checking_inst/data_buf[8][7]_i_1_n_0              | debounce_btn1_inst/rst                      |                1 |              8 |
|  trig_data                                | checking_inst/data_buf[7][7]_i_1_n_0              | debounce_btn1_inst/rst                      |                1 |              8 |
|  trig_data                                | checking_inst/data_buf[6][7]_i_1_n_0              | debounce_btn1_inst/rst                      |                2 |              8 |
|  trig_data                                | checking_inst/data_buf[5][7]_i_1_n_0              | debounce_btn1_inst/rst                      |                2 |              8 |
|  trig_data                                | checking_inst/data_buf[4][7]_i_1_n_0              | debounce_btn1_inst/rst                      |                2 |              8 |
|  trig_data                                | checking_inst/data_buf[3][7]_i_1_n_0              | debounce_btn1_inst/rst                      |                1 |              8 |
|  trig_data                                | checking_inst/data_buf[2][7]_i_1_n_0              | debounce_btn1_inst/rst                      |                2 |              8 |
|  trig_data                                | checking_inst/data_buf[1][7]_i_1_n_0              | debounce_btn1_inst/rst                      |                1 |              8 |
|  trig_data                                | checking_inst/data_buf[0][7]_i_1_n_0              | debounce_btn1_inst/rst                      |                2 |              8 |
|  encoder_inst/data_out_reg[7]_i_2_n_0     |                                                   |                                             |                3 |              8 |
| ~ckht_IBUF_BUFG                           |                                                   | sampling_frequency_inst/cnt_reg[3]          |                2 |              8 |
| ~ckht_IBUF_BUFG                           | sampling_frequency_inst/cnt_reg[3]                | debounce_btn1_inst/rst                      |                3 |              8 |
| ~ckht_IBUF_BUFG                           |                                                   | top_decoder_inst/E[0]                       |                3 |              9 |
|  ckht_IBUF_BUFG                           |                                                   | lcd_inst/compl[11]_i_1_n_0                  |                6 |             11 |
|  ckht_IBUF_BUFG                           | lcd_inst/n[6]_i_1_n_0                             |                                             |                7 |             14 |
| ~ckht_IBUF_BUFG                           |                                                   | sampling_frequency_inst/D1MHZ_R[18]_i_1_n_0 |                5 |             18 |
| ~ckht_IBUF_BUFG                           | debounce_btn4_inst/dl_r[19]_i_1__0_n_0            |                                             |                4 |             20 |
| ~ckht_IBUF_BUFG                           | debounce_btn1_inst/dl_r[19]_i_1_n_0               |                                             |                4 |             20 |
| ~ckht_IBUF_BUFG                           |                                                   | debounce_btn1_inst/rst                      |               10 |             24 |
|  ckht_IBUF_BUFG                           | debounce_btn1_inst/p_0_in                         |                                             |               13 |             32 |
|  ckht_IBUF_BUFG                           | lcd_inst/i[0]_i_1__0_n_0                          | debounce_btn1_inst/rst                      |                8 |             32 |
|  ckht_IBUF_BUFG                           |                                                   | debounce_btn1_inst/SR[0]                    |                8 |             32 |
|  trig_pin                                 | top_decoder_inst/E[0]                             | debounce_btn1_inst/rst                      |               21 |             40 |
+-------------------------------------------+---------------------------------------------------+---------------------------------------------+------------------+----------------+


